2026-02-12 21:00:48 INFO  FillFormTest       - Setting up the browser: CHROME
2026-02-12 21:00:48 INFO  FillFormTest       - Setting up the browser: CHROME
2026-02-12 21:00:48 INFO  FillFormTest       - Setting up the browser: EDGE
2026-02-12 21:00:48 INFO  FillFormTest       - Setting up the browser: EDGE
2026-02-12 21:00:48 INFO  FillFormTest       - Setting up the browser: CHROME
2026-02-12 21:00:48 INFO  FillFormTest       - Setting up the browser: CHROME
2026-02-12 21:00:48 INFO  FillFormTest       - Setting up the browser: EDGE
2026-02-12 21:00:48 INFO  FillFormTest       - Setting up the browser: EDGE
2026-02-12 21:00:48 INFO  FillFormTest       - Setting up the browser: EDGE
2026-02-12 21:00:48 INFO  FillFormTest       - Setting up the browser: CHROME
2026-02-12 21:02:20 INFO  FillFormTest       - TEST: Navigate to universities
2026-02-12 21:02:21 INFO  HomePage           - PAGE: Navigating to forUniversities page
2026-02-12 21:02:21 INFO  FillFormTest       - TEST: Navigate to universities
2026-02-12 21:02:21 INFO  HomePage           - PAGE: Navigating to forUniversities page
2026-02-12 21:02:25 INFO  FillFormTest       - TEST: Navigate to universities
2026-02-12 21:02:25 INFO  HomePage           - PAGE: Navigating to forUniversities page
2026-02-12 21:02:42 INFO  FillFormTest       - TEST: Navigate to universities
2026-02-12 21:02:42 INFO  HomePage           - PAGE: Navigating to forUniversities page
2026-02-12 21:03:23 INFO  FillFormTest       - TEST: Click contact us
2026-02-12 21:03:23 INFO  UniversityPage     - PAGE: Click contactUs button
2026-02-12 21:03:40 INFO  FillFormTest       - TEST: Navigate to universities
2026-02-12 21:03:40 INFO  HomePage           - PAGE: Navigating to forUniversities page
2026-02-12 21:04:12 INFO  FillFormTest       - TEST: fill the form
2026-02-12 21:04:12 INFO  FormPage           - PAGE: Filling the form
2026-02-12 21:04:20 INFO  FillFormTest       - TEST: Submit the form
2026-02-12 21:04:20 INFO  FormPage           - PAGE: Click submit button
2026-02-12 21:04:20 INFO  FormPage           - PAGE: Return the alert
2026-02-12 21:04:20 INFO  FillFormTest       - TEST: If the test is negative, check if the alert is present and resultMessage will be 'PASS'
2026-02-12 21:04:20 INFO  FillFormTest       - TEST: write the content in resultMessage into the excel sheet
2026-02-12 21:04:41 INFO  FillFormTest       - TEST: Click contact us
2026-02-12 21:04:41 INFO  UniversityPage     - PAGE: Click contactUs button
2026-02-12 21:04:42 INFO  FillFormTest       - TEST: Click contact us
2026-02-12 21:04:42 INFO  UniversityPage     - PAGE: Click contactUs button
2026-02-12 21:05:11 INFO  FillFormTest       - TEST: Click contact us
2026-02-12 21:05:11 INFO  UniversityPage     - PAGE: Click contactUs button
2026-02-12 21:05:18 INFO  FillFormTest       - TEST: Click contact us
2026-02-12 21:05:18 INFO  UniversityPage     - PAGE: Click contactUs button
2026-02-12 21:05:35 INFO  FillFormTest       - TEST: fill the form
2026-02-12 21:05:35 INFO  FormPage           - PAGE: Filling the form
2026-02-12 21:05:39 INFO  FillFormTest       - TEST: fill the form
2026-02-12 21:05:39 INFO  FormPage           - PAGE: Filling the form
2026-02-12 21:05:45 INFO  FillFormTest       - TEST: fill the form
2026-02-12 21:05:45 INFO  FormPage           - PAGE: Filling the form
2026-02-12 21:05:56 INFO  FillFormTest       - TEST: fill the form
2026-02-12 21:05:56 INFO  FormPage           - PAGE: Filling the form
