2026-02-05 15:34:45 INFO  findLevelTest      - Setting up the browser
2026-02-05 15:34:45 INFO  searchSeleniumTest - Setting up the browser
2026-02-05 15:34:46 INFO  FillFormTest       - Setting up the browser
2026-02-05 15:34:46 INFO  FillFormTest       - Setting up the browser
2026-02-05 15:34:46 INFO  FillFormTest       - Setting up the browser
2026-02-05 15:34:46 INFO  FillFormTest       - Setting up the browser
2026-02-05 15:34:46 INFO  FillFormTest       - Setting up the browser
2026-02-05 15:35:02 INFO  searchSeleniumTest - TEST: Serach Selenium Java in search bar
2026-02-05 15:35:03 INFO  HomePage           - PAGE: Searching for: Selenium Java
2026-02-05 15:35:09 INFO  FillFormTest       - TEST: Navigate to universities
2026-02-05 15:35:09 INFO  HomePage           - PAGE: Navigating to forUniversities page
2026-02-05 15:35:10 INFO  FillFormTest       - TEST: Navigate to universities
2026-02-05 15:35:10 INFO  HomePage           - PAGE: Navigating to forUniversities page
2026-02-05 15:35:10 INFO  FillFormTest       - TEST: Navigate to universities
2026-02-05 15:35:10 INFO  HomePage           - PAGE: Navigating to forUniversities page
2026-02-05 15:35:11 INFO  findLevelTest      - TEST: Extracting the level of the first Python course
2026-02-05 15:35:11 INFO  HomePage           - PAGE: Selecting the first python course
2026-02-05 15:35:23 INFO  FillFormTest       - TEST: Navigate to universities
2026-02-05 15:35:23 INFO  HomePage           - PAGE: Navigating to forUniversities page
2026-02-05 15:35:26 INFO  FillFormTest       - TEST: Navigate to universities
2026-02-05 15:35:26 INFO  HomePage           - PAGE: Navigating to forUniversities page
2026-02-05 15:35:47 INFO  FillFormTest       - TEST: Click contact us
2026-02-05 15:35:47 INFO  UniversityPage     - PAGE: Click contactUs button
2026-02-05 15:35:47 INFO  FillFormTest       - TEST: Click contact us
2026-02-05 15:35:47 INFO  UniversityPage     - PAGE: Click contactUs button
2026-02-05 15:35:47 INFO  FillFormTest       - TEST: Click contact us
2026-02-05 15:35:47 INFO  UniversityPage     - PAGE: Click contactUs button
2026-02-05 15:35:48 INFO  SearchResultPage   - PAGE: filtering based on duration of course
2026-02-05 15:35:52 INFO  SearchResultPage   - PAGE: Printing the first course title in the console
2026-02-05 15:35:56 INFO  FillFormTest       - TEST: fill the form
2026-02-05 15:35:56 INFO  FormPage           - PAGE: Filling the form
2026-02-05 15:35:57 INFO  PythonPage         - PAGE: Switching tab after clicking first Python course
2026-02-05 15:35:57 INFO  PythonPage         - PAGE: Printing the level of the course in console
2026-02-05 15:35:58 INFO  FillFormTest       - TEST: fill the form
2026-02-05 15:35:58 INFO  FormPage           - PAGE: Filling the form
2026-02-05 15:36:03 INFO  FillFormTest       - TEST: Submit the form
2026-02-05 15:36:04 INFO  FormPage           - PAGE: Click submit button
2026-02-05 15:36:04 INFO  FormPage           - PAGE: Return the alert
2026-02-05 15:36:04 INFO  FillFormTest       - TEST: If the test is negative, check if the alert is present and resultMessage will be 'PASS'
2026-02-05 15:36:04 INFO  FillFormTest       - TEST: write the content in resultMessage into the excel sheet
2026-02-05 15:36:04 INFO  findLevelTest      - Closing the browser
2026-02-05 15:36:04 INFO  FillFormTest       - Closing the browser
2026-02-05 15:36:04 INFO  FillFormTest       - TEST: fill the form
2026-02-05 15:36:04 INFO  FormPage           - PAGE: Filling the form
2026-02-05 15:36:04 INFO  searchSeleniumTest - Closing the browser
2026-02-05 15:36:05 INFO  FillFormTest       - TEST: Submit the form
2026-02-05 15:36:05 INFO  FormPage           - PAGE: Click submit button
2026-02-05 15:36:05 INFO  FormPage           - PAGE: Return the alert
2026-02-05 15:36:05 INFO  FillFormTest       - TEST: If the test is negative, check if the alert is present and resultMessage will be 'PASS'
2026-02-05 15:36:05 INFO  FillFormTest       - TEST: write the content in resultMessage into the excel sheet
2026-02-05 15:36:05 INFO  FillFormTest       - Closing the browser
2026-02-05 15:36:05 INFO  FillFormTest       - TEST: Click contact us
2026-02-05 15:36:05 INFO  UniversityPage     - PAGE: Click contactUs button
2026-02-05 15:36:05 INFO  FillFormTest       - TEST: Click contact us
2026-02-05 15:36:05 INFO  UniversityPage     - PAGE: Click contactUs button
2026-02-05 15:36:07 INFO  FillFormTest       - TEST: Submit the form
2026-02-05 15:36:07 INFO  FormPage           - PAGE: Click submit button
2026-02-05 15:36:09 INFO  FormPage           - PAGE: Return the alert
2026-02-05 15:36:12 INFO  FillFormTest       - TEST: fill the form
2026-02-05 15:36:12 INFO  FormPage           - PAGE: Filling the form
2026-02-05 15:36:13 INFO  FillFormTest       - TEST: fill the form
2026-02-05 15:36:13 INFO  FormPage           - PAGE: Filling the form
2026-02-05 15:36:15 INFO  FillFormTest       - TEST: Submit the form
2026-02-05 15:36:15 INFO  FormPage           - PAGE: Click submit button
2026-02-05 15:36:15 INFO  FormPage           - PAGE: Return the alert
2026-02-05 15:36:15 INFO  FillFormTest       - TEST: If the test is negative, check if the alert is present and resultMessage will be 'PASS'
2026-02-05 15:36:15 INFO  FillFormTest       - TEST: write the content in resultMessage into the excel sheet
2026-02-05 15:36:15 INFO  FillFormTest       - Closing the browser
2026-02-05 15:36:16 INFO  FillFormTest       - TEST: Submit the form
2026-02-05 15:36:16 INFO  FormPage           - PAGE: Click submit button
2026-02-05 15:36:16 INFO  FormPage           - PAGE: Return the alert
2026-02-05 15:36:21 INFO  FillFormTest       - TEST: If the test is negative, check if the alert is present and resultMessage will be 'PASS'
2026-02-05 15:36:21 INFO  FillFormTest       - TEST: If the test is positive, if the alert is not present, resultMessage will be 'PASS'
2026-02-05 15:36:21 INFO  FillFormTest       - TEST: write the content in resultMessage into the excel sheet
2026-02-05 15:36:21 INFO  FillFormTest       - Closing the browser
2026-02-05 15:36:26 INFO  FillFormTest       - TEST: If the test is negative, check if the alert is present and resultMessage will be 'PASS'
2026-02-05 15:36:26 INFO  FillFormTest       - TEST: If the test is positive, if the alert is not present, resultMessage will be 'PASS'
2026-02-05 15:36:26 INFO  FillFormTest       - TEST: write the content in resultMessage into the excel sheet
2026-02-05 15:36:26 INFO  FillFormTest       - Closing the browser
2026-02-05 15:36:34 INFO  findLevelTest      - Setting up the browser
2026-02-05 15:36:34 INFO  searchSeleniumTest - Setting up the browser
2026-02-05 15:36:34 INFO  FillFormTest       - Setting up the browser
2026-02-05 15:36:34 INFO  FillFormTest       - Setting up the browser
2026-02-05 15:36:34 INFO  FillFormTest       - Setting up the browser
2026-02-05 15:36:34 INFO  FillFormTest       - Setting up the browser
2026-02-05 15:36:34 INFO  FillFormTest       - Setting up the browser
2026-02-05 15:37:14 INFO  FillFormTest       - TEST: Navigate to universities
2026-02-05 15:37:14 INFO  HomePage           - PAGE: Navigating to forUniversities page
2026-02-05 15:37:15 INFO  findLevelTest      - TEST: Extracting the level of the first Python course
2026-02-05 15:37:15 INFO  HomePage           - PAGE: Selecting the first python course
2026-02-05 15:37:15 INFO  searchSeleniumTest - TEST: Serach Selenium Java in search bar
2026-02-05 15:37:15 INFO  HomePage           - PAGE: Searching for: Selenium Java
2026-02-05 15:37:15 INFO  FillFormTest       - TEST: Navigate to universities
2026-02-05 15:37:15 INFO  HomePage           - PAGE: Navigating to forUniversities page
2026-02-05 15:37:15 INFO  FillFormTest       - TEST: Navigate to universities
2026-02-05 15:37:15 INFO  HomePage           - PAGE: Navigating to forUniversities page
2026-02-05 15:37:15 INFO  FillFormTest       - TEST: Navigate to universities
2026-02-05 15:37:15 INFO  HomePage           - PAGE: Navigating to forUniversities page
2026-02-05 15:37:16 INFO  FillFormTest       - TEST: Navigate to universities
2026-02-05 15:37:16 INFO  HomePage           - PAGE: Navigating to forUniversities page
2026-02-05 15:38:00 INFO  SearchResultPage   - PAGE: filtering based on duration of course
2026-02-05 15:38:00 INFO  FillFormTest       - TEST: Click contact us
2026-02-05 15:38:00 INFO  FillFormTest       - TEST: Click contact us
2026-02-05 15:38:00 INFO  UniversityPage     - PAGE: Click contactUs button
2026-02-05 15:38:00 INFO  UniversityPage     - PAGE: Click contactUs button
2026-02-05 15:38:01 INFO  FillFormTest       - TEST: Click contact us
2026-02-05 15:38:01 INFO  UniversityPage     - PAGE: Click contactUs button
2026-02-05 15:38:01 INFO  SearchResultPage   - PAGE: Printing the first course title in the console
2026-02-05 15:38:01 INFO  FillFormTest       - TEST: Click contact us
2026-02-05 15:38:01 INFO  UniversityPage     - PAGE: Click contactUs button
2026-02-05 15:38:02 INFO  searchSeleniumTest - Closing the browser
2026-02-05 15:38:11 INFO  PythonPage         - PAGE: Switching tab after clicking first Python course
2026-02-05 15:38:11 INFO  PythonPage         - PAGE: Printing the level of the course in console
2026-02-05 15:38:11 INFO  FillFormTest       - TEST: Click contact us
2026-02-05 15:38:11 INFO  UniversityPage     - PAGE: Click contactUs button
2026-02-05 15:38:11 INFO  FillFormTest       - TEST: fill the form
2026-02-05 15:38:11 INFO  FormPage           - PAGE: Filling the form
2026-02-05 15:38:13 INFO  FillFormTest       - TEST: fill the form
2026-02-05 15:38:13 INFO  FormPage           - PAGE: Filling the form
2026-02-05 15:38:16 INFO  findLevelTest      - Closing the browser
2026-02-05 15:38:16 INFO  FillFormTest       - TEST: fill the form
2026-02-05 15:38:16 INFO  FormPage           - PAGE: Filling the form
2026-02-05 15:38:17 INFO  FillFormTest       - TEST: Submit the form
2026-02-05 15:38:17 INFO  FormPage           - PAGE: Click submit button
2026-02-05 15:38:17 INFO  FillFormTest       - TEST: Submit the form
2026-02-05 15:38:17 INFO  FormPage           - PAGE: Click submit button
2026-02-05 15:38:17 INFO  FormPage           - PAGE: Return the alert
2026-02-05 15:38:18 INFO  FillFormTest       - TEST: If the test is negative, check if the alert is present and resultMessage will be 'PASS'
2026-02-05 15:38:18 INFO  FillFormTest       - TEST: write the content in resultMessage into the excel sheet
2026-02-05 15:38:18 INFO  FillFormTest       - Closing the browser
2026-02-05 15:38:18 INFO  FormPage           - PAGE: Return the alert
2026-02-05 15:38:18 INFO  FillFormTest       - TEST: If the test is negative, check if the alert is present and resultMessage will be 'PASS'
2026-02-05 15:38:18 INFO  FillFormTest       - TEST: write the content in resultMessage into the excel sheet
2026-02-05 15:38:18 INFO  FillFormTest       - Closing the browser
2026-02-05 15:38:20 INFO  FillFormTest       - TEST: fill the form
2026-02-05 15:38:20 INFO  FormPage           - PAGE: Filling the form
2026-02-05 15:38:20 INFO  FillFormTest       - TEST: Submit the form
2026-02-05 15:38:20 INFO  FormPage           - PAGE: Click submit button
2026-02-05 15:38:20 INFO  FormPage           - PAGE: Return the alert
2026-02-05 15:38:23 INFO  FillFormTest       - TEST: Submit the form
2026-02-05 15:38:23 INFO  FormPage           - PAGE: Click submit button
2026-02-05 15:38:23 INFO  FormPage           - PAGE: Return the alert
2026-02-05 15:38:30 INFO  FillFormTest       - TEST: If the test is negative, check if the alert is present and resultMessage will be 'PASS'
2026-02-05 15:38:30 INFO  FillFormTest       - TEST: If the test is positive, if the alert is not present, resultMessage will be 'PASS'
2026-02-05 15:38:30 INFO  FillFormTest       - TEST: write the content in resultMessage into the excel sheet
2026-02-05 15:38:31 INFO  FillFormTest       - Closing the browser
2026-02-05 15:38:34 INFO  FillFormTest       - TEST: If the test is negative, check if the alert is present and resultMessage will be 'PASS'
2026-02-05 15:38:34 INFO  FillFormTest       - TEST: If the test is positive, if the alert is not present, resultMessage will be 'PASS'
2026-02-05 15:38:34 INFO  FillFormTest       - TEST: write the content in resultMessage into the excel sheet
2026-02-05 15:38:34 INFO  FillFormTest       - Closing the browser
2026-02-05 15:38:42 INFO  FillFormTest       - TEST: fill the form
2026-02-05 15:38:42 INFO  FormPage           - PAGE: Filling the form
2026-02-05 15:38:44 INFO  FillFormTest       - TEST: Submit the form
2026-02-05 15:38:44 INFO  FormPage           - PAGE: Click submit button
2026-02-05 15:38:44 INFO  FormPage           - PAGE: Return the alert
2026-02-05 15:38:44 INFO  FillFormTest       - TEST: If the test is negative, check if the alert is present and resultMessage will be 'PASS'
2026-02-05 15:38:44 INFO  FillFormTest       - TEST: write the content in resultMessage into the excel sheet
2026-02-05 15:38:45 INFO  FillFormTest       - Closing the browser
