2026-02-05 15:08:22 INFO  FillFormTest       - Setting up the browser
2026-02-05 15:08:27 INFO  FillFormTest       - TEST: Navigate to universities
2026-02-05 15:08:27 INFO  HomePage           - PAGE: Navigating to forUniversities page
2026-02-05 15:08:35 INFO  FillFormTest       - TEST: Click contact us
2026-02-05 15:08:35 INFO  UniversityPage     - PAGE: Click contactUs button
2026-02-05 15:08:40 INFO  FillFormTest       - TEST: fill the form
2026-02-05 15:08:40 INFO  FormPage           - PAGE: Filling the form
2026-02-05 15:08:42 INFO  FillFormTest       - TEST: Submit the form
2026-02-05 15:08:42 INFO  FormPage           - PAGE: Click submit button
2026-02-05 15:08:43 INFO  FormPage           - PAGE: Return the alert
2026-02-05 15:08:53 INFO  FillFormTest       - TEST: If the test is negative, check if the alert is present and resultMessage will be 'PASS'
2026-02-05 15:08:53 INFO  FillFormTest       - TEST: If the test is positive, if the alert is not present, resultMessage will be 'PASS'
2026-02-05 15:08:53 INFO  FillFormTest       - TEST: write the content in resultMessage into the excel sheet
2026-02-05 15:08:53 INFO  FillFormTest       - Closing the browser
2026-02-05 15:08:59 INFO  FillFormTest       - Setting up the browser
2026-02-05 15:09:05 INFO  FillFormTest       - TEST: Navigate to universities
2026-02-05 15:09:05 INFO  HomePage           - PAGE: Navigating to forUniversities page
2026-02-05 15:09:13 INFO  FillFormTest       - TEST: Click contact us
2026-02-05 15:09:13 INFO  UniversityPage     - PAGE: Click contactUs button
2026-02-05 15:09:17 INFO  FillFormTest       - TEST: fill the form
2026-02-05 15:09:17 INFO  FormPage           - PAGE: Filling the form
2026-02-05 15:09:20 INFO  FillFormTest       - TEST: Submit the form
2026-02-05 15:09:20 INFO  FormPage           - PAGE: Click submit button
2026-02-05 15:09:20 INFO  FormPage           - PAGE: Return the alert
2026-02-05 15:09:30 INFO  FillFormTest       - TEST: If the test is negative, check if the alert is present and resultMessage will be 'PASS'
2026-02-05 15:09:30 INFO  FillFormTest       - TEST: If the test is positive, if the alert is not present, resultMessage will be 'PASS'
2026-02-05 15:09:30 INFO  FillFormTest       - TEST: write the content in resultMessage into the excel sheet
2026-02-05 15:09:30 INFO  FillFormTest       - Closing the browser
2026-02-05 15:09:36 INFO  FillFormTest       - Setting up the browser
2026-02-05 15:09:42 INFO  FillFormTest       - TEST: Navigate to universities
2026-02-05 15:09:42 INFO  HomePage           - PAGE: Navigating to forUniversities page
2026-02-05 15:09:51 INFO  FillFormTest       - TEST: Click contact us
2026-02-05 15:09:51 INFO  UniversityPage     - PAGE: Click contactUs button
2026-02-05 15:09:55 INFO  FillFormTest       - TEST: fill the form
2026-02-05 15:09:55 INFO  FormPage           - PAGE: Filling the form
2026-02-05 15:09:57 INFO  FillFormTest       - TEST: Submit the form
2026-02-05 15:09:57 INFO  FormPage           - PAGE: Click submit button
2026-02-05 15:09:57 INFO  FormPage           - PAGE: Return the alert
2026-02-05 15:09:58 INFO  FillFormTest       - TEST: If the test is negative, check if the alert is present and resultMessage will be 'PASS'
2026-02-05 15:09:58 INFO  FillFormTest       - TEST: write the content in resultMessage into the excel sheet
2026-02-05 15:09:58 INFO  FillFormTest       - Closing the browser
2026-02-05 15:10:01 INFO  FillFormTest       - Setting up the browser
2026-02-05 15:10:06 INFO  FillFormTest       - TEST: Navigate to universities
2026-02-05 15:10:06 INFO  HomePage           - PAGE: Navigating to forUniversities page
2026-02-05 15:10:21 INFO  FillFormTest       - TEST: Click contact us
2026-02-05 15:10:21 INFO  UniversityPage     - PAGE: Click contactUs button
2026-02-05 15:10:24 INFO  FillFormTest       - TEST: fill the form
2026-02-05 15:10:24 INFO  FormPage           - PAGE: Filling the form
2026-02-05 15:10:27 INFO  FillFormTest       - TEST: Submit the form
2026-02-05 15:10:27 INFO  FormPage           - PAGE: Click submit button
2026-02-05 15:10:27 INFO  FormPage           - PAGE: Return the alert
2026-02-05 15:10:27 INFO  FillFormTest       - TEST: If the test is negative, check if the alert is present and resultMessage will be 'PASS'
2026-02-05 15:10:27 INFO  FillFormTest       - TEST: write the content in resultMessage into the excel sheet
2026-02-05 15:10:27 INFO  FillFormTest       - Closing the browser
2026-02-05 15:10:30 INFO  FillFormTest       - Setting up the browser
2026-02-05 15:10:36 INFO  FillFormTest       - TEST: Navigate to universities
2026-02-05 15:10:36 INFO  HomePage           - PAGE: Navigating to forUniversities page
2026-02-05 15:10:51 INFO  FillFormTest       - TEST: Click contact us
2026-02-05 15:10:51 INFO  UniversityPage     - PAGE: Click contactUs button
2026-02-05 15:10:55 INFO  FillFormTest       - TEST: fill the form
2026-02-05 15:10:55 INFO  FormPage           - PAGE: Filling the form
2026-02-05 15:10:58 INFO  FillFormTest       - TEST: Submit the form
2026-02-05 15:10:58 INFO  FormPage           - PAGE: Click submit button
2026-02-05 15:10:58 INFO  FormPage           - PAGE: Return the alert
2026-02-05 15:10:58 INFO  FillFormTest       - TEST: If the test is negative, check if the alert is present and resultMessage will be 'PASS'
2026-02-05 15:10:58 INFO  FillFormTest       - TEST: write the content in resultMessage into the excel sheet
2026-02-05 15:10:58 INFO  FillFormTest       - Closing the browser
