2026-02-05 14:05:01 INFO  FillFormTest       - Setting up the browser
2026-02-05 14:05:11 INFO  FillFormTest       - TEST: Navigate to universities
2026-02-05 14:05:11 INFO  HomePage           - PAGE: Navigating to forUniversities page
2026-02-05 14:05:21 INFO  FillFormTest       - TEST: Click contact us
2026-02-05 14:05:21 INFO  UniversityPage     - PAGE: Click contactUs button
2026-02-05 14:05:26 INFO  FillFormTest       - TEST: fill the form
2026-02-05 14:05:26 INFO  FormPage           - PAGE: Filling the form
2026-02-05 14:05:28 INFO  FillFormTest       - TEST: Submit the form
2026-02-05 14:05:28 INFO  FormPage           - PAGE: Click submit button
2026-02-05 14:05:28 INFO  FormPage           - PAGE: Return the alert
2026-02-05 14:05:38 INFO  FillFormTest       - TEST: If the test is negative, check if the alert is present and resultMessage will be 'PASS'
2026-02-05 14:05:38 INFO  FillFormTest       - TEST: If the test is positive, if the alert is not present, resultMessage will be 'PASS'
2026-02-05 14:05:38 INFO  FillFormTest       - TEST: write the content in resultMessage into the excel sheet
2026-02-05 14:05:39 INFO  FillFormTest       - Closing the browser
2026-02-05 14:05:43 INFO  FillFormTest       - Setting up the browser
2026-02-05 14:05:49 INFO  FillFormTest       - TEST: Navigate to universities
2026-02-05 14:05:49 INFO  HomePage           - PAGE: Navigating to forUniversities page
2026-02-05 14:05:56 INFO  FillFormTest       - TEST: Click contact us
2026-02-05 14:05:56 INFO  UniversityPage     - PAGE: Click contactUs button
2026-02-05 14:06:00 INFO  FillFormTest       - TEST: fill the form
2026-02-05 14:06:00 INFO  FormPage           - PAGE: Filling the form
2026-02-05 14:06:02 INFO  FillFormTest       - TEST: Submit the form
2026-02-05 14:06:02 INFO  FormPage           - PAGE: Click submit button
2026-02-05 14:06:02 INFO  FormPage           - PAGE: Return the alert
2026-02-05 14:06:12 INFO  FillFormTest       - TEST: If the test is negative, check if the alert is present and resultMessage will be 'PASS'
2026-02-05 14:06:12 INFO  FillFormTest       - TEST: If the test is positive, if the alert is not present, resultMessage will be 'PASS'
2026-02-05 14:06:12 INFO  FillFormTest       - TEST: write the content in resultMessage into the excel sheet
2026-02-05 14:06:12 INFO  FillFormTest       - Closing the browser
2026-02-05 14:06:18 INFO  FillFormTest       - Setting up the browser
2026-02-05 14:06:24 INFO  FillFormTest       - TEST: Navigate to universities
2026-02-05 14:06:24 INFO  HomePage           - PAGE: Navigating to forUniversities page
2026-02-05 14:06:32 INFO  FillFormTest       - TEST: Click contact us
2026-02-05 14:06:32 INFO  UniversityPage     - PAGE: Click contactUs button
2026-02-05 14:06:36 INFO  FillFormTest       - TEST: fill the form
2026-02-05 14:06:36 INFO  FormPage           - PAGE: Filling the form
2026-02-05 14:06:38 INFO  FillFormTest       - TEST: Submit the form
2026-02-05 14:06:38 INFO  FormPage           - PAGE: Click submit button
2026-02-05 14:06:38 INFO  FormPage           - PAGE: Return the alert
2026-02-05 14:06:38 INFO  FillFormTest       - TEST: If the test is negative, check if the alert is present and resultMessage will be 'PASS'
2026-02-05 14:06:38 INFO  FillFormTest       - TEST: write the content in resultMessage into the excel sheet
2026-02-05 14:06:39 INFO  FillFormTest       - Closing the browser
2026-02-05 14:06:42 INFO  FillFormTest       - Setting up the browser
2026-02-05 14:06:47 INFO  FillFormTest       - TEST: Navigate to universities
2026-02-05 14:06:47 INFO  HomePage           - PAGE: Navigating to forUniversities page
2026-02-05 14:06:53 INFO  FillFormTest       - TEST: Click contact us
2026-02-05 14:06:53 INFO  UniversityPage     - PAGE: Click contactUs button
2026-02-05 14:06:57 INFO  FillFormTest       - TEST: fill the form
2026-02-05 14:06:57 INFO  FormPage           - PAGE: Filling the form
2026-02-05 14:07:00 INFO  FillFormTest       - TEST: Submit the form
2026-02-05 14:07:00 INFO  FormPage           - PAGE: Click submit button
2026-02-05 14:07:00 INFO  FormPage           - PAGE: Return the alert
2026-02-05 14:07:01 INFO  FillFormTest       - TEST: If the test is negative, check if the alert is present and resultMessage will be 'PASS'
2026-02-05 14:07:01 INFO  FillFormTest       - TEST: write the content in resultMessage into the excel sheet
2026-02-05 14:07:01 INFO  FillFormTest       - Closing the browser
2026-02-05 14:07:04 INFO  FillFormTest       - Setting up the browser
2026-02-05 14:07:09 INFO  FillFormTest       - TEST: Navigate to universities
2026-02-05 14:07:09 INFO  HomePage           - PAGE: Navigating to forUniversities page
2026-02-05 14:07:16 INFO  FillFormTest       - TEST: Click contact us
2026-02-05 14:07:16 INFO  UniversityPage     - PAGE: Click contactUs button
2026-02-05 14:07:19 INFO  FillFormTest       - TEST: fill the form
2026-02-05 14:07:19 INFO  FormPage           - PAGE: Filling the form
2026-02-05 14:07:22 INFO  FillFormTest       - TEST: Submit the form
2026-02-05 14:07:22 INFO  FormPage           - PAGE: Click submit button
2026-02-05 14:07:22 INFO  FormPage           - PAGE: Return the alert
2026-02-05 14:07:22 INFO  FillFormTest       - TEST: If the test is negative, check if the alert is present and resultMessage will be 'PASS'
2026-02-05 14:07:22 INFO  FillFormTest       - TEST: write the content in resultMessage into the excel sheet
2026-02-05 14:07:22 INFO  FillFormTest       - Closing the browser
